My_Ceparou/app/build/outputs/logs/manifest-merger-debug-report.txt
-- Merging decision tree log ---
manifest
ADDED from src\main\AndroidManifest.xml:2:1-93:12
	package
		ADDED from src\main\AndroidManifest.xml:3:5-43
		INJECTED from src\main\AndroidManifest.xml
		INJECTED from src\main\AndroidManifest.xml
	android:versionName
		INJECTED from src\main\AndroidManifest.xml
		INJECTED from src\main\AndroidManifest.xml
	xmlns:android
		ADDED from src\main\AndroidManifest.xml:2:11-69
	android:versionCode
		INJECTED from src\main\AndroidManifest.xml
		INJECTED from src\main\AndroidManifest.xml
uses-permission#android.permission.ACCESS_WIFI_STATE
ADDED from src\main\AndroidManifest.xml:5:5-75
MERGED from [com.indooratlas.android:indooratlas-android-sdk:2.4.2] AndroidManifest.xml:14:5-76
	android:name
		ADDED from src\main\AndroidManifest.xml:5:22-73
uses-permission#android.permission.CHANGE_WIFI_STATE
ADDED from src\main\AndroidManifest.xml:6:5-75
MERGED from [com.indooratlas.android:indooratlas-android-sdk:2.4.2] AndroidManifest.xml:13:5-76
	android:name
		ADDED from src\main\AndroidManifest.xml:6:22-73
uses-permission#android.permission.ACCESS_COARSE_LOCATION
ADDED from src\main\AndroidManifest.xml:7:5-80
MERGED from [com.indooratlas.android:indooratlas-android-sdk:2.4.2] AndroidManifest.xml:15:5-81
	android:name
		ADDED from src\main\AndroidManifest.xml:7:22-78
uses-permission#android.permission.INTERNET
ADDED from src\main\AndroidManifest.xml:8:5-66
MERGED from [com.indooratlas.android:indooratlas-android-sdk:2.4.2] AndroidManifest.xml:12:5-67
MERGED from [com.google.android.gms:play-services-ads:7.8.0] AndroidManifest.xml:20:5-66
MERGED from [com.google.android.gms:play-services-analytics:7.8.0] AndroidManifest.xml:21:5-67
MERGED from [com.google.android.gms:play-services-appinvite:7.8.0] AndroidManifest.xml:19:5-67
MERGED from [com.google.android.gms:play-services-gcm:7.8.0] AndroidManifest.xml:22:5-67
MERGED from [com.google.android.gms:play-services-wallet:7.8.0] AndroidManifest.xml:20:5-66
MERGED from [com.google.android.gms:play-services-maps:7.8.0] AndroidManifest.xml:21:5-66
	android:name
		ADDED from src\main\AndroidManifest.xml:8:22-64
application
ADDED from src\main\AndroidManifest.xml:10:5-91:19
MERGED from [com.android.support.constraint:constraint-layout:1.0.2] AndroidManifest.xml:9:5-20
MERGED from [com.android.support:design:26.0.0-alpha1] AndroidManifest.xml:29:5-20
MERGED from [com.android.support:transition:26.0.0-alpha1] AndroidManifest.xml:26:5-20
MERGED from [com.indooratlas.android:indooratlas-android-sdk:2.4.2] AndroidManifest.xml:30:5-34:19
MERGED from [com.google.android.gms:play-services:7.8.0] AndroidManifest.xml:19:5-20
MERGED from [com.google.android.gms:play-services-ads:7.8.0] AndroidManifest.xml:24:5-32:19
MERGED from [com.google.android.gms:play-services-analytics:7.8.0] AndroidManifest.xml:24:5-20
MERGED from [com.google.android.gms:play-services-appindexing:7.8.0] AndroidManifest.xml:19:5-20
MERGED from [com.google.android.gms:play-services-appinvite:7.8.0] AndroidManifest.xml:20:5-20
MERGED from [com.google.android.gms:play-services-appstate:7.8.0] AndroidManifest.xml:19:5-20
MERGED from [com.google.android.gms:play-services-cast:7.8.0] AndroidManifest.xml:19:5-20
MERGED from [com.android.support:mediarouter-v7:22.2.0] AndroidManifest.xml:22:5-20
MERGED from [com.android.support:appcompat-v7:26.0.0-alpha1] AndroidManifest.xml:29:5-20
MERGED from [com.android.support:animated-vector-drawable:26.0.0-alpha1] AndroidManifest.xml:26:5-20
MERGED from [com.android.support:support-vector-drawable:26.0.0-alpha1] AndroidManifest.xml:26:5-20
MERGED from [com.google.android.gms:play-services-fitness:7.8.0] AndroidManifest.xml:19:5-20
MERGED from [com.google.android.gms:play-services-games:7.8.0] AndroidManifest.xml:19:5-20
MERGED from [com.google.android.gms:play-services-drive:7.8.0] AndroidManifest.xml:19:5-20
MERGED from [com.google.android.gms:play-services-gcm:7.8.0] AndroidManifest.xml:24:5-20
MERGED from [com.google.android.gms:play-services-location:7.8.0] AndroidManifest.xml:19:5-20
MERGED from [com.google.android.gms:play-services-nearby:7.8.0] AndroidManifest.xml:20:5-20
MERGED from [com.google.android.gms:play-services-panorama:7.8.0] AndroidManifest.xml:19:5-20
MERGED from [com.google.android.gms:play-services-plus:7.8.0] AndroidManifest.xml:19:5-20
MERGED from [com.google.android.gms:play-services-safetynet:7.8.0] AndroidManifest.xml:19:5-20
MERGED from [com.google.android.gms:play-services-vision:7.8.0] AndroidManifest.xml:5:5-20
MERGED from [com.google.android.gms:play-services-identity:7.8.0] AndroidManifest.xml:19:5-20
MERGED from [com.google.android.gms:play-services-maps:7.8.0] AndroidManifest.xml:28:5-20
MERGED from [com.google.android.gms:play-services-wearable:7.8.0] AndroidManifest.xml:19:5-20
MERGED from [com.google.android.gms:play-services-base:7.8.0] AndroidManifest.xml:20:5-24:19
MERGED from [com.android.support:support-v4:26.0.0-alpha1] AndroidManifest.xml:29:5-20
MERGED from [com.android.support:support-media-compat:26.0.0-alpha1] AndroidManifest.xml:29:5-20
MERGED from [com.android.support:support-fragment:26.0.0-alpha1] AndroidManifest.xml:29:5-20
MERGED from [com.android.support:support-core-ui:26.0.0-alpha1] AndroidManifest.xml:29:5-20
MERGED from [com.android.support:support-core-utils:26.0.0-alpha1] AndroidManifest.xml:29:5-20
MERGED from [com.android.support:support-compat:26.0.0-alpha1] AndroidManifest.xml:29:5-20
	android:label
		ADDED from src\main\AndroidManifest.xml:13:9-41
	android:supportsRtl
		ADDED from src\main\AndroidManifest.xml:15:9-35
	android:roundIcon
		ADDED from src\main\AndroidManifest.xml:14:9-52
	android:allowBackup
		ADDED from src\main\AndroidManifest.xml:11:9-35
	android:icon
		ADDED from src\main\AndroidManifest.xml:12:9-47
	android:theme
		ADDED from src\main\AndroidManifest.xml:16:9-40
meta-data#com.indooratlas.android.sdk.API_KEY
ADDED from src\main\AndroidManifest.xml:18:9-20:67
	android:value
		ADDED from src\main\AndroidManifest.xml:20:13-65
	android:name
		ADDED from src\main\AndroidManifest.xml:19:13-63
meta-data#com.indooratlas.android.sdk.API_SECRET
ADDED from src\main\AndroidManifest.xml:21:9-23:159
	android:value
		ADDED from src\main\AndroidManifest.xml:23:13-157
	android:name
		ADDED from src\main\AndroidManifest.xml:22:13-66
meta-data#com.google.android.maps.v2.API_KEY
ADDED from src\main\AndroidManifest.xml:24:9-26:72
	android:value
		ADDED from src\main\AndroidManifest.xml:26:13-70
	android:name
		ADDED from src\main\AndroidManifest.xml:25:13-62
service#com.indooratlas.android.sdk.IALocationService
ADDED from src\main\AndroidManifest.xml:28:9-31:48
MERGED from [com.indooratlas.android:indooratlas-android-sdk:2.4.2] AndroidManifest.xml:31:9-33:49
	android:label
		ADDED from src\main\AndroidManifest.xml:30:13-46
	android:exported
		ADDED from src\main\AndroidManifest.xml:31:13-37
	android:name
		ADDED from src\main\AndroidManifest.xml:29:13-73
activity#com.example.groov.my_ceparou.MainActivity
ADDED from src\main\AndroidManifest.xml:33:9-40:20
	android:windowSoftInputMode
		ADDED from src\main\AndroidManifest.xml:34:13-57
	android:name
		ADDED from src\main\AndroidManifest.xml:33:19-47
intent-filter#android.intent.action.MAIN+android.intent.category.LAUNCHER
ADDED from src\main\AndroidManifest.xml:35:13-39:29
action#android.intent.action.MAIN
ADDED from src\main\AndroidManifest.xml:36:17-69
	android:name
		ADDED from src\main\AndroidManifest.xml:36:25-66
category#android.intent.category.LAUNCHER
ADDED from src\main\AndroidManifest.xml:38:17-77
	android:name
		ADDED from src\main\AndroidManifest.xml:38:27-74
activity#com.example.groov.my_ceparou.AdminActivity
ADDED from src\main\AndroidManifest.xml:42:9-43:59
	android:windowSoftInputMode
		ADDED from src\main\AndroidManifest.xml:43:13-57
	android:name
		ADDED from src\main\AndroidManifest.xml:42:19-48
activity#com.example.groov.my_ceparou.GMClientActivity
ADDED from src\main\AndroidManifest.xml:44:9-45:59
	android:windowSoftInputMode
		ADDED from src\main\AndroidManifest.xml:45:13-57
	android:name
		ADDED from src\main\AndroidManifest.xml:44:19-51
activity#com.example.groov.my_ceparou.SavePlacesActivity
ADDED from src\main\AndroidManifest.xml:46:9-47:59
	android:windowSoftInputMode
		ADDED from src\main\AndroidManifest.xml:47:13-57
	android:name
		ADDED from src\main\AndroidManifest.xml:46:19-53
activity#com.example.groov.my_ceparou.GMActivity
ADDED from src\main\AndroidManifest.xml:48:9-49:59
	android:windowSoftInputMode
		ADDED from src\main\AndroidManifest.xml:49:13-57
	android:name
		ADDED from src\main\AndroidManifest.xml:48:19-45
activity#com.example.groov.my_ceparou.MoteurActivity
ADDED from src\main\AndroidManifest.xml:50:9-51:59
	android:windowSoftInputMode
		ADDED from src\main\AndroidManifest.xml:51:13-57
	android:name
		ADDED from src\main\AndroidManifest.xml:50:19-49
activity#com.example.groov.my_ceparou.OublisActivity
ADDED from src\main\AndroidManifest.xml:52:9-53:59
	android:windowSoftInputMode
		ADDED from src\main\AndroidManifest.xml:53:13-57
	android:name
		ADDED from src\main\AndroidManifest.xml:52:19-49
activity#com.example.groov.my_ceparou.InscriptionActivity
ADDED from src\main\AndroidManifest.xml:54:9-55:59
	android:windowSoftInputMode
		ADDED from src\main\AndroidManifest.xml:55:13-57
	android:name
		ADDED from src\main\AndroidManifest.xml:54:19-54
activity#com.example.groov.my_ceparou.ParametresActivity
ADDED from src\main\AndroidManifest.xml:56:9-57:59
	android:windowSoftInputMode
		ADDED from src\main\AndroidManifest.xml:57:13-57
	android:name
		ADDED from src\main\AndroidManifest.xml:56:19-53
activity#com.example.groov.my_ceparou.ModificationMailActivity
ADDED from src\main\AndroidManifest.xml:58:9-59:59
	android:windowSoftInputMode
		ADDED from src\main\AndroidManifest.xml:59:13-57
	android:name
		ADDED from src\main\AndroidManifest.xml:58:19-59
activity#com.example.groov.my_ceparou.ModificationMdpActivity
ADDED from src\main\AndroidManifest.xml:60:9-61:59
	android:windowSoftInputMode
		ADDED from src\main\AndroidManifest.xml:61:13-57
	android:name
		ADDED from src\main\AndroidManifest.xml:60:19-58
activity#com.example.groov.my_ceparou.SuppressionCompteActivity
ADDED from src\main\AndroidManifest.xml:62:9-63:59
	android:windowSoftInputMode
		ADDED from src\main\AndroidManifest.xml:63:13-57
	android:name
		ADDED from src\main\AndroidManifest.xml:62:19-60
activity#com.example.groov.my_ceparou.PopOublisActivity
ADDED from src\main\AndroidManifest.xml:66:9-68:20
	android:theme
		ADDED from src\main\AndroidManifest.xml:67:13-56
	android:name
		ADDED from src\main\AndroidManifest.xml:66:19-52
activity#com.example.groov.my_ceparou.PopInscriptionActivity
ADDED from src\main\AndroidManifest.xml:69:9-71:20
	android:theme
		ADDED from src\main\AndroidManifest.xml:70:13-56
	android:name
		ADDED from src\main\AndroidManifest.xml:69:19-57
activity#com.example.groov.my_ceparou.PopInscriptionEchecNumActivity
ADDED from src\main\AndroidManifest.xml:72:9-74:20
	android:theme
		ADDED from src\main\AndroidManifest.xml:73:13-56
	android:name
		ADDED from src\main\AndroidManifest.xml:72:19-65
activity#com.example.groov.my_ceparou.PopInscriptionEchecMailActivity
ADDED from src\main\AndroidManifest.xml:75:9-77:20
	android:theme
		ADDED from src\main\AndroidManifest.xml:76:13-56
	android:name
		ADDED from src\main\AndroidManifest.xml:75:19-66
activity#com.example.groov.my_ceparou.PopInscriptionEchecIDActivity
ADDED from src\main\AndroidManifest.xml:78:9-80:20
	android:theme
		ADDED from src\main\AndroidManifest.xml:79:13-56
	android:name
		ADDED from src\main\AndroidManifest.xml:78:19-64
activity#com.example.groov.my_ceparou.PopInscriptionEchecMDPActivity
ADDED from src\main\AndroidManifest.xml:81:9-83:20
	android:theme
		ADDED from src\main\AndroidManifest.xml:82:13-56
	android:name
		ADDED from src\main\AndroidManifest.xml:81:19-65
activity#com.example.groov.my_ceparou.PopConnexionActivity
ADDED from src\main\AndroidManifest.xml:84:9-86:20
	android:theme
		ADDED from src\main\AndroidManifest.xml:85:13-56
	android:name
		ADDED from src\main\AndroidManifest.xml:84:19-55
activity#com.example.groov.my_ceparou.PopGMActivity
ADDED from src\main\AndroidManifest.xml:87:9-89:20
	android:theme
		ADDED from src\main\AndroidManifest.xml:88:13-56
	android:name
		ADDED from src\main\AndroidManifest.xml:87:19-48
uses-sdk
INJECTED from src\main\AndroidManifest.xml reason: use-sdk injection requested
MERGED from [com.android.support.constraint:constraint-layout:1.0.2] AndroidManifest.xml:5:5-7:41
MERGED from [com.android.support:design:26.0.0-alpha1] AndroidManifest.xml:21:5-23:62
MERGED from [com.android.support:recyclerview-v7:26.0.0-alpha1] AndroidManifest.xml:20:5-44
MERGED from [com.android.support:transition:26.0.0-alpha1] AndroidManifest.xml:20:5-44
MERGED from [com.indooratlas.android:indooratlas-android-sdk:2.4.2] AndroidManifest.xml:7:5-9:41
MERGED from [com.google.android.gms:play-services:7.8.0] AndroidManifest.xml:18:5-42
MERGED from [com.google.android.gms:play-services-ads:7.8.0] AndroidManifest.xml:23:5-42
MERGED from [com.google.android.gms:play-services-analytics:7.8.0] AndroidManifest.xml:18:5-42
MERGED from [com.google.android.gms:play-services-appindexing:7.8.0] AndroidManifest.xml:18:5-42
MERGED from [com.google.android.gms:play-services-appinvite:7.8.0] AndroidManifest.xml:18:5-42
MERGED from [com.google.android.gms:play-services-appstate:7.8.0] AndroidManifest.xml:18:5-42
MERGED from [com.google.android.gms:play-services-cast:7.8.0] AndroidManifest.xml:18:5-42
MERGED from [com.android.support:mediarouter-v7:22.2.0] AndroidManifest.xml:20:5-43
MERGED from [com.android.support:appcompat-v7:26.0.0-alpha1] AndroidManifest.xml:21:5-23:78
MERGED from [com.android.support:animated-vector-drawable:26.0.0-alpha1] AndroidManifest.xml:20:5-44
MERGED from [com.android.support:support-vector-drawable:26.0.0-alpha1] AndroidManifest.xml:20:5-44
MERGED from [com.google.android.gms:play-services-fitness:7.8.0] AndroidManifest.xml:18:5-42
MERGED from [com.google.android.gms:play-services-games:7.8.0] AndroidManifest.xml:18:5-42
MERGED from [com.google.android.gms:play-services-drive:7.8.0] AndroidManifest.xml:18:5-42
MERGED from [com.google.android.gms:play-services-gcm:7.8.0] AndroidManifest.xml:18:5-42
MERGED from [com.google.android.gms:play-services-location:7.8.0] AndroidManifest.xml:18:5-42
MERGED from [com.google.android.gms:play-services-nearby:7.8.0] AndroidManifest.xml:18:5-42
MERGED from [com.google.android.gms:play-services-panorama:7.8.0] AndroidManifest.xml:18:5-42
MERGED from [com.google.android.gms:play-services-plus:7.8.0] AndroidManifest.xml:18:5-42
MERGED from [com.google.android.gms:play-services-safetynet:7.8.0] AndroidManifest.xml:18:5-42
MERGED from [com.google.android.gms:play-services-vision:7.8.0] AndroidManifest.xml:4:5-42
MERGED from [com.google.android.gms:play-services-wallet:7.8.0] AndroidManifest.xml:19:5-42
MERGED from [com.google.android.gms:play-services-identity:7.8.0] AndroidManifest.xml:18:5-42
MERGED from [com.google.android.gms:play-services-maps:7.8.0] AndroidManifest.xml:27:5-42
MERGED from [com.google.android.gms:play-services-wearable:7.8.0] AndroidManifest.xml:18:5-42
MERGED from [com.google.android.gms:play-services-base:7.8.0] AndroidManifest.xml:18:5-42
MERGED from [com.android.support:support-v4:26.0.0-alpha1] AndroidManifest.xml:21:5-23:54
MERGED from [com.android.support:support-media-compat:26.0.0-alpha1] AndroidManifest.xml:21:5-23:63
MERGED from [com.android.support:support-fragment:26.0.0-alpha1] AndroidManifest.xml:21:5-23:60
MERGED from [com.android.support:support-core-ui:26.0.0-alpha1] AndroidManifest.xml:21:5-23:58
MERGED from [com.android.support:support-core-utils:26.0.0-alpha1] AndroidManifest.xml:21:5-23:61
MERGED from [com.android.support:support-compat:26.0.0-alpha1] AndroidManifest.xml:21:5-23:58
	tools:overrideLibrary
		ADDED from [com.android.support:design:26.0.0-alpha1] AndroidManifest.xml:23:9-59
	android:targetSdkVersion
		INJECTED from src\main\AndroidManifest.xml
		INJECTED from src\main\AndroidManifest.xml
	android:minSdkVersion
		INJECTED from src\main\AndroidManifest.xml
		INJECTED from src\main\AndroidManifest.xml
meta-data#android.support.VERSION
ADDED from [com.android.support:design:26.0.0-alpha1] AndroidManifest.xml:25:5-27:41
MERGED from [com.android.support:recyclerview-v7:26.0.0-alpha1] AndroidManifest.xml:22:5-24:41
MERGED from [com.android.support:transition:26.0.0-alpha1] AndroidManifest.xml:22:5-24:41
MERGED from [com.android.support:appcompat-v7:26.0.0-alpha1] AndroidManifest.xml:25:5-27:41
MERGED from [com.android.support:animated-vector-drawable:26.0.0-alpha1] AndroidManifest.xml:22:5-24:41
MERGED from [com.android.support:support-vector-drawable:26.0.0-alpha1] AndroidManifest.xml:22:5-24:41
MERGED from [com.android.support:support-v4:26.0.0-alpha1] AndroidManifest.xml:25:5-27:41
MERGED from [com.android.support:support-media-compat:26.0.0-alpha1] AndroidManifest.xml:25:5-27:41
MERGED from [com.android.support:support-fragment:26.0.0-alpha1] AndroidManifest.xml:25:5-27:41
MERGED from [com.android.support:support-core-ui:26.0.0-alpha1] AndroidManifest.xml:25:5-27:41
MERGED from [com.android.support:support-core-utils:26.0.0-alpha1] AndroidManifest.xml:25:5-27:41
MERGED from [com.android.support:support-compat:26.0.0-alpha1] AndroidManifest.xml:25:5-27:41
	android:value
		ADDED from [com.android.support:design:26.0.0-alpha1] AndroidManifest.xml:27:9-38
	android:name
		ADDED from [com.android.support:design:26.0.0-alpha1] AndroidManifest.xml:26:9-47
uses-permission#android.permission.ACCESS_NETWORK_STATE
ADDED from [com.indooratlas.android:indooratlas-android-sdk:2.4.2] AndroidManifest.xml:11:5-79
MERGED from [com.google.android.gms:play-services-ads:7.8.0] AndroidManifest.xml:21:5-78
MERGED from [com.google.android.gms:play-services-analytics:7.8.0] AndroidManifest.xml:22:5-79
MERGED from [com.google.android.gms:play-services-nearby:7.8.0] AndroidManifest.xml:19:5-79
MERGED from [com.google.android.gms:play-services-maps:7.8.0] AndroidManifest.xml:20:5-78
	android:name
		ADDED from [com.indooratlas.android:indooratlas-android-sdk:2.4.2] AndroidManifest.xml:11:22-76
uses-feature#android.hardware.sensor.accelerometer
ADDED from [com.indooratlas.android:indooratlas-android-sdk:2.4.2] AndroidManifest.xml:17:5-19:36
	android:required
		ADDED from [com.indooratlas.android:indooratlas-android-sdk:2.4.2] AndroidManifest.xml:19:9-33
	android:name
		ADDED from [com.indooratlas.android:indooratlas-android-sdk:2.4.2] AndroidManifest.xml:18:9-61
uses-feature#android.hardware.sensor.compass
ADDED from [com.indooratlas.android:indooratlas-android-sdk:2.4.2] AndroidManifest.xml:20:5-22:36
	android:required
		ADDED from [com.indooratlas.android:indooratlas-android-sdk:2.4.2] AndroidManifest.xml:22:9-33
	android:name
		ADDED from [com.indooratlas.android:indooratlas-android-sdk:2.4.2] AndroidManifest.xml:21:9-55
uses-feature#android.hardware.sensor.gyroscope
ADDED from [com.indooratlas.android:indooratlas-android-sdk:2.4.2] AndroidManifest.xml:23:5-25:36
	android:required
		ADDED from [com.indooratlas.android:indooratlas-android-sdk:2.4.2] AndroidManifest.xml:25:9-33
	android:name
		ADDED from [com.indooratlas.android:indooratlas-android-sdk:2.4.2] AndroidManifest.xml:24:9-57
uses-feature#android.hardware.wifi
ADDED from [com.indooratlas.android:indooratlas-android-sdk:2.4.2] AndroidManifest.xml:26:5-28:35
	android:required
		ADDED from [com.indooratlas.android:indooratlas-android-sdk:2.4.2] AndroidManifest.xml:28:9-32
	android:name
		ADDED from [com.indooratlas.android:indooratlas-android-sdk:2.4.2] AndroidManifest.xml:27:9-45
activity#com.google.android.gms.ads.AdActivity
ADDED from [com.google.android.gms:play-services-ads:7.8.0] AndroidManifest.xml:26:9-29:64
	android:configChanges
		ADDED from [com.google.android.gms:play-services-ads:7.8.0] AndroidManifest.xml:28:13-122
	android:theme
		ADDED from [com.google.android.gms:play-services-ads:7.8.0] AndroidManifest.xml:29:13-61
	android:name
		ADDED from [com.google.android.gms:play-services-ads:7.8.0] AndroidManifest.xml:27:13-65
activity#com.google.android.gms.ads.purchase.InAppPurchaseActivity
ADDED from [com.google.android.gms:play-services-ads:7.8.0] AndroidManifest.xml:30:9-31:52
	android:theme
		ADDED from [com.google.android.gms:play-services-ads:7.8.0] AndroidManifest.xml:31:13-50
	android:name
		ADDED from [com.google.android.gms:play-services-ads:7.8.0] AndroidManifest.xml:30:19-91
uses-permission#com.google.android.c2dm.permission.RECEIVE
ADDED from [com.google.android.gms:play-services-gcm:7.8.0] AndroidManifest.xml:21:5-82
	android:name
		ADDED from [com.google.android.gms:play-services-gcm:7.8.0] AndroidManifest.xml:21:22-79
uses-permission#android.permission.GET_ACCOUNTS
ADDED from [com.google.android.gms:play-services-wallet:7.8.0] AndroidManifest.xml:21:5-70
	android:name
		ADDED from [com.google.android.gms:play-services-wallet:7.8.0] AndroidManifest.xml:21:22-68
uses-permission#android.permission.USE_CREDENTIALS
ADDED from [com.google.android.gms:play-services-wallet:7.8.0] AndroidManifest.xml:22:5-73
	android:name
		ADDED from [com.google.android.gms:play-services-wallet:7.8.0] AndroidManifest.xml:22:22-71
uses-permission#android.permission.WRITE_EXTERNAL_STORAGE
ADDED from [com.google.android.gms:play-services-maps:7.8.0] AndroidManifest.xml:22:5-80
	android:name
		ADDED from [com.google.android.gms:play-services-maps:7.8.0] AndroidManifest.xml:22:22-78
uses-feature#0x00020000
ADDED from [com.google.android.gms:play-services-maps:7.8.0] AndroidManifest.xml:23:5-25:33
	android:glEsVersion
		ADDED from [com.google.android.gms:play-services-maps:7.8.0] AndroidManifest.xml:24:8-40
	android:required
		ADDED from [com.google.android.gms:play-services-maps:7.8.0] AndroidManifest.xml:25:8-31
uses-permission#android.permission.READ_EXTERNAL_STORAGE
IMPLIED from src\main\AndroidManifest.xml:2:1-93:12 reason: com.google.android.gms.maps requested WRITE_EXTERNAL_STORAGE
meta-data#com.google.android.gms.version
ADDED from [com.google.android.gms:play-services-base:7.8.0] AndroidManifest.xml:21:9-23:69
	android:value
		ADDED from [com.google.android.gms:play-services-base:7.8.0] AndroidManifest.xml:23:13-66
	android:name
		ADDED from [com.google.android.gms:play-services-base:7.8.0] AndroidManifest.xml:22:13-58